<?xml version="1.0" encoding="UTF-8"?>
<testsuite xmlns:xsi="http://www.w3.org/2001/XMLSchema-instance" xsi:noNamespaceSchemaLocation="https://maven.apache.org/surefire/maven-surefire-plugin/xsd/surefire-test-report-3.0.xsd" version="3.0" name="service.TaskServiceTest" time="0.066" tests="18" errors="0" skipped="0" failures="0">
  <properties>
[...]
</properties>
  <testcase name="testAddMultipleTasks" classname="service.TaskServiceTest" time="0.004"/>
  <testcase name="testAddTask" classname="service.TaskServiceTest" time="0.002"/>
  <testcase name="testClearAllTasks" classname="service.TaskServiceTest" time="0.004"/>
  <testcase name="testGetAllTasks" classname="service.TaskServiceTest" time="0.002"/>
  <testcase name="testGetCompletedTasks" classname="service.TaskServiceTest" time="0.002"/>
  <testcase name="testGetAllTasksUnmodifiable" classname="service.TaskServiceTest" time="0.001"/>
  <testcase name="testGetTaskInvalidIndex" classname="service.TaskServiceTest" time="0.006"/>
  <testcase name="testGetTask" classname="service.TaskServiceTest" time="0.001"/>
  <testcase name="testClearEmptyList" classname="service.TaskServiceTest" time="0.001"/>
  <testcase name="testRemoveTask" classname="service.TaskServiceTest" time="0.001"/>
  <testcase name="testInitialState" classname="service.TaskServiceTest" time="0.001"/>
  <testcase name="testGetOverdueTasks" classname="service.TaskServiceTest" time="0.002"/>
  <testcase name="testAddNullTask" classname="service.TaskServiceTest" time="0.001"/>
  <testcase name="testGetTaskCount" classname="service.TaskServiceTest" time="0.001"/>
  <testcase name="testOverdueExcludesCompleted" classname="service.TaskServiceTest" time="0.001"/>
  <testcase name="testGetPendingTasks" classname="service.TaskServiceTest" time="0.001"/>
  <testcase name="testIsEmpty" classname="service.TaskServiceTest" time="0.001"/>
  <testcase name="testRemoveTaskInvalidIndex" classname="service.TaskServiceTest" time="0.002"/>
</testsuite>